<?xml version="1.0" encoding="UTF-8" ?>
<testsuite failures="0" time="0.044" errors="0" skipped="0" tests="5" name="org.boza.katas.AppTest">
  <properties>
    <property name="java.runtime.name" value="Java(TM) SE Runtime Environment"/>
    <property name="sun.boot.library.path" value="/usr/java/jdk1.6.0_29/jre/lib/i386"/>
    <property name="java.vm.version" value="20.4-b02"/>
    <property name="java.vm.vendor" value="Sun Microsystems Inc."/>
    <property name="java.vendor.url" value="http://java.sun.com/"/>
    <property name="path.separator" value=":"/>
    <property name="java.vm.name" value="Java HotSpot(TM) Server VM"/>
    <property name="file.encoding.pkg" value="sun.io"/>
    <property name="user.country" value="US"/>
    <property name="sun.java.launcher" value="SUN_STANDARD"/>
    <property name="sun.os.patch.level" value="unknown"/>
    <property name="java.vm.specification.name" value="Java Virtual Machine Specification"/>
    <property name="user.dir" value="/home/rboza/Development/code/personal/Katas/PotterKata"/>
    <property name="java.runtime.version" value="1.6.0_29-b11"/>
    <property name="java.awt.graphicsenv" value="sun.awt.X11GraphicsEnvironment"/>
    <property name="basedir" value="/home/rboza/Development/code/personal/Katas/PotterKata"/>
    <property name="java.endorsed.dirs" value="/usr/java/jdk1.6.0_29/jre/lib/endorsed"/>
    <property name="os.arch" value="i386"/>
    <property name="surefire.real.class.path" value="/home/rboza/Development/code/personal/Katas/PotterKata/target/surefire/surefirebooter2608926734475455759.jar"/>
    <property name="java.io.tmpdir" value="/tmp"/>
    <property name="line.separator" value="
"/>
    <property name="java.vm.specification.vendor" value="Sun Microsystems Inc."/>
    <property name="os.name" value="Linux"/>
    <property name="sun.jnu.encoding" value="UTF-8"/>
    <property name="java.library.path" value="/usr/java/jdk1.6.0_29/jre/lib/i386/server:/usr/java/jdk1.6.0_29/jre/lib/i386:/usr/java/jdk1.6.0_29/jre/../lib/i386:/usr/java/packages/lib/i386:/lib:/usr/lib"/>
    <property name="surefire.test.class.path" value="/home/rboza/Development/code/personal/Katas/PotterKata/target/test-classes:/home/rboza/Development/code/personal/Katas/PotterKata/target/classes:/home/rboza/.m2/repository/junit/junit/4.10/junit-4.10.jar:/home/rboza/.m2/repository/org/hamcrest/hamcrest-core/1.1/hamcrest-core-1.1.jar:"/>
    <property name="java.specification.name" value="Java Platform API Specification"/>
    <property name="java.class.version" value="50.0"/>
    <property name="sun.management.compiler" value="HotSpot Tiered Compilers"/>
    <property name="os.version" value="3.5.0-34-generic"/>
    <property name="user.home" value="/home/rboza"/>
    <property name="user.timezone" value=""/>
    <property name="java.awt.printerjob" value="sun.print.PSPrinterJob"/>
    <property name="file.encoding" value="UTF-8"/>
    <property name="java.specification.version" value="1.6"/>
    <property name="user.name" value="rboza"/>
    <property name="java.class.path" value="/home/rboza/Development/code/personal/Katas/PotterKata/target/test-classes:/home/rboza/Development/code/personal/Katas/PotterKata/target/classes:/home/rboza/.m2/repository/junit/junit/4.10/junit-4.10.jar:/home/rboza/.m2/repository/org/hamcrest/hamcrest-core/1.1/hamcrest-core-1.1.jar:"/>
    <property name="java.vm.specification.version" value="1.0"/>
    <property name="sun.arch.data.model" value="32"/>
    <property name="java.home" value="/usr/java/jdk1.6.0_29/jre"/>
    <property name="sun.java.command" value="/home/rboza/Development/code/personal/Katas/PotterKata/target/surefire/surefirebooter2608926734475455759.jar /home/rboza/Development/code/personal/Katas/PotterKata/target/surefire/surefire4743194355834221090tmp /home/rboza/Development/code/personal/Katas/PotterKata/target/surefire/surefire2721837643942509083tmp"/>
    <property name="java.specification.vendor" value="Sun Microsystems Inc."/>
    <property name="user.language" value="en"/>
    <property name="java.vm.info" value="mixed mode"/>
    <property name="java.version" value="1.6.0_29"/>
    <property name="java.ext.dirs" value="/usr/java/jdk1.6.0_29/jre/lib/ext:/usr/java/packages/lib/ext"/>
    <property name="sun.boot.class.path" value="/usr/java/jdk1.6.0_29/jre/lib/resources.jar:/usr/java/jdk1.6.0_29/jre/lib/rt.jar:/usr/java/jdk1.6.0_29/jre/lib/sunrsasign.jar:/usr/java/jdk1.6.0_29/jre/lib/jsse.jar:/usr/java/jdk1.6.0_29/jre/lib/jce.jar:/usr/java/jdk1.6.0_29/jre/lib/charsets.jar:/usr/java/jdk1.6.0_29/jre/lib/modules/jdk.boot.jar:/usr/java/jdk1.6.0_29/jre/classes"/>
    <property name="java.vendor" value="Sun Microsystems Inc."/>
    <property name="localRepository" value="/home/rboza/.m2/repository"/>
    <property name="file.separator" value="/"/>
    <property name="java.vendor.url.bug" value="http://java.sun.com/cgi-bin/bugreport.cgi"/>
    <property name="sun.cpu.endian" value="little"/>
    <property name="sun.io.unicode.encoding" value="UnicodeLittle"/>
    <property name="sun.desktop" value="gnome"/>
    <property name="sun.cpu.isalist" value=""/>
  </properties>
  <testcase time="0.001" classname="org.boza.katas.AppTest" name="testNoBooks"/>
  <testcase time="0.001" classname="org.boza.katas.AppTest" name="testOneBook"/>
  <testcase time="0" classname="org.boza.katas.AppTest" name="testTwoDifferentBooks"/>
  <testcase time="0" classname="org.boza.katas.AppTest" name="testTwoSameBooks"/>
  <testcase time="0" classname="org.boza.katas.AppTest" name="testDisasterBooksSet"/>
</testsuite>